This file contains any messages produced by compilers while
running configure, to aid debugging if configure makes a mistake.

It was created by check_mysql_health configure 2.1, which was
generated by GNU Autoconf 2.61.  Invocation command line was

  $ ./configure 

## --------- ##
## Platform. ##
## --------- ##

hostname = dev2
uname -m = i686
uname -r = 2.6.26.8-57.fc8
uname -s = Linux
uname -v = #1 SMP Thu Dec 18 19:19:45 EST 2008

/usr/bin/uname -p = unknown
/bin/uname -X     = unknown

/bin/arch              = i686
/usr/bin/arch -k       = unknown
/usr/convex/getsysinfo = unknown
/usr/bin/hostinfo      = unknown
/bin/machine           = unknown
/usr/bin/oslevel       = unknown
/bin/universe          = unknown

PATH: /usr/local/sbin
PATH: /usr/sbin
PATH: /sbin
PATH: /usr/kerberos/sbin
PATH: /usr/kerberos/bin
PATH: /usr/local/sbin
PATH: /usr/local/bin
PATH: /sbin
PATH: /bin
PATH: /usr/sbin
PATH: /usr/bin
PATH: /usr/X11R6/bin
PATH: /root/bin


## ----------- ##
## Core tests. ##
## ----------- ##

configure:1730: checking for a BSD-compatible install
configure:1786: result: /usr/bin/install -c
configure:1797: checking whether build environment is sane
configure:1840: result: yes
configure:1868: checking for a thread-safe mkdir -p
configure:1907: result: /bin/mkdir -p
configure:1920: checking for gawk
configure:1936: found /bin/gawk
configure:1947: result: gawk
configure:1958: checking whether make sets $(MAKE)
configure:1979: result: yes
configure:2162: checking how to create a pax tar archive
configure:2175: tar --version
tar (GNU tar) 1.17
Copyright (C) 2007 Free Software Foundation, Inc.
License GPLv2+: GNU GPL version 2 or later <http://gnu.org/licenses/gpl.html>
This is free software: you are free to change and redistribute it.
There is NO WARRANTY, to the extent permitted by law.

Written by John Gilmore and Jay Fenlason.
configure:2178: $? = 0
configure:2218: tardir=conftest.dir && eval tar --format=posix -chf - "$tardir" >conftest.tar
configure:2221: $? = 0
configure:2225: tar -xf - <conftest.tar
configure:2228: $? = 0
configure:2241: result: gnutar
configure:2254: checking build system type
configure:2272: result: i686-pc-linux-gnu
configure:2294: checking host system type
configure:2309: result: i686-pc-linux-gnu
configure:2350: checking for a BSD-compatible install
configure:2406: result: /usr/bin/install -c
configure:2420: checking whether make sets $(MAKE)
configure:2441: result: yes
configure:2518: checking for sh
configure:2536: found /bin/sh
configure:2548: result: /bin/sh
configure:2558: checking for perl
configure:2576: found /usr/bin/perl
configure:2588: result: /usr/bin/perl
configure:2598: checking for gzip
configure:2616: found /bin/gzip
configure:2628: result: /bin/gzip
configure:2640: checking for gawk
configure:2658: found /bin/gawk
configure:2670: result: /bin/gawk
configure:2683: checking for grep
configure:2701: found /bin/grep
configure:2713: result: /bin/grep
configure:2723: checking for echo
configure:2741: found /bin/echo
configure:2753: result: /bin/echo
configure:2763: checking for sed
configure:2781: found /bin/sed
configure:2793: result: /bin/sed
configure:2803: checking for cat
configure:2821: found /bin/cat
configure:2833: result: /bin/cat
configure:2985: creating ./config.status

## ---------------------- ##
## Running config.status. ##
## ---------------------- ##

This file was extended by check_mysql_health config.status 2.1, which was
generated by GNU Autoconf 2.61.  Invocation command line was

  CONFIG_FILES    = 
  CONFIG_HEADERS  = 
  CONFIG_LINKS    = 
  CONFIG_COMMANDS = 
  $ ./config.status 

on dev2

config.status:616: creating Makefile
config.status:616: creating plugins-scripts/Makefile
config.status:616: creating plugins-scripts/subst
config.status:616: creating t/Makefile

## ---------------- ##
## Cache variables. ##
## ---------------- ##

ac_cv_build=i686-pc-linux-gnu
ac_cv_env_build_alias_set=
ac_cv_env_build_alias_value=
ac_cv_env_host_alias_set=
ac_cv_env_host_alias_value=
ac_cv_env_target_alias_set=
ac_cv_env_target_alias_value=
ac_cv_host=i686-pc-linux-gnu
ac_cv_path_AWK=/bin/gawk
ac_cv_path_CAT=/bin/cat
ac_cv_path_ECHO=/bin/echo
ac_cv_path_GREP=/bin/grep
ac_cv_path_GZIP=/bin/gzip
ac_cv_path_PERL=/usr/bin/perl
ac_cv_path_SED=/bin/sed
ac_cv_path_SH=/bin/sh
ac_cv_path_install='/usr/bin/install -c'
ac_cv_path_mkdir=/bin/mkdir
ac_cv_prog_AWK=gawk
ac_cv_prog_make_make_set=yes
am_cv_prog_tar_pax=gnutar

## ----------------- ##
## Output variables. ##
## ----------------- ##

ACLOCAL='${SHELL} /var/www/html/products/xi/subcomponents/extraplugins/check_mysql_health-2.1/missing --run aclocal-1.10'
AMTAR='${SHELL} /var/www/html/products/xi/subcomponents/extraplugins/check_mysql_health-2.1/missing --run tar'
AUTOCONF='${SHELL} /var/www/html/products/xi/subcomponents/extraplugins/check_mysql_health-2.1/missing --run autoconf'
AUTOHEADER='${SHELL} /var/www/html/products/xi/subcomponents/extraplugins/check_mysql_health-2.1/missing --run autoheader'
AUTOMAKE='${SHELL} /var/www/html/products/xi/subcomponents/extraplugins/check_mysql_health-2.1/missing --run automake-1.10'
AWK='/bin/gawk'
CAT='/bin/cat'
CYGPATH_W='echo'
DEFS='-DPACKAGE_NAME=\"check_mysql_health\" -DPACKAGE_TARNAME=\"check_mysql_health\" -DPACKAGE_VERSION=\"2.1\" -DPACKAGE_STRING=\"check_mysql_health\ 2.1\" -DPACKAGE_BUGREPORT=\"\" -DPACKAGE=\"check_mysql_health\" -DVERSION=\"2.1\"'
ECHO='/bin/echo'
ECHO_C=''
ECHO_N='-n'
ECHO_T=''
GREP='/bin/grep'
GZIP='/bin/gzip'
INSTALL='/usr/bin/install -c'
INSTALL_DATA='${INSTALL} -m 644'
INSTALL_OPTS='-o nagios -g nagios'
INSTALL_PROGRAM='${INSTALL}'
INSTALL_SCRIPT='${INSTALL}'
INSTALL_STRIP_PROGRAM='$(install_sh) -c -s'
LIBOBJS=''
LIBS=''
LTLIBOBJS=''
MAKEINFO='${SHELL} /var/www/html/products/xi/subcomponents/extraplugins/check_mysql_health-2.1/missing --run makeinfo'
MYMODULES_DIR='/usr/local/nagios/libexec'
MYMODULES_DYN_DIR='/usr/local/nagios/libexec'
PACKAGE='check_mysql_health'
PACKAGE_BUGREPORT=''
PACKAGE_NAME='check_mysql_health'
PACKAGE_STRING='check_mysql_health 2.1'
PACKAGE_TARNAME='check_mysql_health'
PACKAGE_VERSION='2.1'
PATH_SEPARATOR=':'
PERL='/usr/bin/perl'
RELEASE='1'
SED='/bin/sed'
SET_MAKE=''
SH='/bin/sh'
SHELL='/bin/sh'
STATEFILES_DIR='/var/tmp/check_mysql_health'
STRIP=''
SUPPORT='Send email to gerhard.lausser@consol.de if you have questions\nregarding use of this software.\nPlease include version information with all correspondence (when possible,\nuse output from the --version option of the plugin itself).\n'
VERSION='2.1'
WARRANTY='This plugin comes with ABSOLUTELY NO WARRANTY. You may redistribute\ncopies of the plugin under the terms of the GNU General Public License.\nFor more information about these matters, see the file named COPYING.\n'
am__isrc=''
am__leading_dot='.'
am__tar='tar --format=posix -chf - "$$tardir"'
am__untar='tar -xf -'
bindir='${exec_prefix}/bin'
build='i686-pc-linux-gnu'
build_alias=''
build_cpu='i686'
build_os='linux-gnu'
build_vendor='pc'
datadir='${datarootdir}'
datarootdir='${prefix}/share'
docdir='${datarootdir}/doc/${PACKAGE_TARNAME}'
dvidir='${docdir}'
exec_prefix='${prefix}'
host='i686-pc-linux-gnu'
host_alias=''
host_cpu='i686'
host_os='linux-gnu'
host_vendor='pc'
htmldir='${docdir}'
includedir='${prefix}/include'
infodir='${datarootdir}/info'
install_sh='$(SHELL) /var/www/html/products/xi/subcomponents/extraplugins/check_mysql_health-2.1/install-sh'
libdir='${exec_prefix}/lib'
libexecdir='${exec_prefix}/libexec'
localedir='${datarootdir}/locale'
localstatedir='${prefix}/var'
mandir='${datarootdir}/man'
mkdir_p='/bin/mkdir -p'
oldincludedir='/usr/include'
pdfdir='${docdir}'
prefix='/usr/local/nagios'
program_transform_name='s,x,x,'
psdir='${docdir}'
sbindir='${exec_prefix}/sbin'
sharedstatedir='${prefix}/com'
sysconfdir='${prefix}/etc'
target_alias=''
with_nagios_group='nagios'
with_nagios_user='nagios'

## ----------- ##
## confdefs.h. ##
## ----------- ##

#define PACKAGE_NAME "check_mysql_health"
#define PACKAGE_TARNAME "check_mysql_health"
#define PACKAGE_VERSION "2.1"
#define PACKAGE_STRING "check_mysql_health 2.1"
#define PACKAGE_BUGREPORT ""
#define PACKAGE "check_mysql_health"
#define VERSION "2.1"

configure: exit 0
